<?xml version="1.0" encoding="UTF-8"?>
<testsuite xmlns:xsi="http://www.w3.org/2001/XMLSchema-instance" xsi:noNamespaceSchemaLocation="https://maven.apache.org/surefire/maven-surefire-plugin/xsd/surefire-test-report-3.0.xsd" version="3.0" name="TestSuite" time="14.976" tests="2" errors="0" skipped="0" failures="1">
  <properties>
[...]
</properties>
  <testcase name="verifyThatErrorMessageIsShownIfEnterWrongLoginData" classname="tests.NegativeTest" time="1.848">
    <failure message="Error should be shown. expected [true] but found [false]" type="java.lang.AssertionError"><![CDATA[java.lang.AssertionError: Error should be shown. expected [true] but found [false]
	at tests.NegativeTest.verifyThatErrorMessageIsShownIfEnterWrongLoginData(NegativeTest.java:40)
]]></failure>
    <system-err><![CDATA[SLF4J: Failed to load class "org.slf4j.impl.StaticLoggerBinder".
SLF4J: Defaulting to no-operation (NOP) logger implementation
SLF4J: See http://www.slf4j.org/codes.html#StaticLoggerBinder for further details.
Starting ChromeDriver 106.0.5249.61 (511S7t55a3r5t5in8g44 9ChromeDri5v5ecrd 31e062.6407.7592b4a9f.06d1d 3(85211127a545d305-5r8e4f4s95/b5rcandc3he-h2e6ad4s7/75294b9@a{f#05d6d93})8 2on1 2pao4rdt 05-7r5e1f7s
/Obnrlayn clho-chaela dsc/o52n4n9e@c{#t5i6o9n}s)  ona proret  6a03l0l7
oOwnleyd l.o
caPll ceoannseect isonese  ahrtet pasl:l/o/wcherdo.m
Pelderaisvee rs.eechr omhiutmt.posr:g///scehcruormietdyr-icvoenrs.icdherroamtiiuomn.so rfgo/rs escuugrgietsyt-icoonnss iodne ratioknse efpoirn gs uCghgreosmteiDornisv eorn  skaefeep.i
ng ChromeDriver safe.
CChrhoromemDerDirvievre wra sw ass tsatratretde dsucce sssfuuclcleys.s
fully.
Oct 16, 2022 1:37:38 PM org.openqa.selenium.remote.ProtocolHandshake createSession
INFO: Detected dialect: W3C
Oct 16, 2022 1:37:38 PM org.openqa.selenium.remote.ProtocolHandshake createSession
INFO: Detected dialect: W3C
Oct 16, 2022 1:37:38 PM org.openqa.selenium.devtools.CdpVersionFinder findNearestMatch
WARNING: Unable to find an exact match for CDP version 106, so returning the closest version found: a no-op implementation
Oct 16, 2022 1:37:38 PM org.openqa.selenium.devtools.CdpVersionFinder findNearestMatch
WARNING: Unable to find an exact match for CDP version 106, so returning the closest version found: a no-op implementation
Oct 16, 2022 1:37:38 PM org.openqa.selenium.devtools.CdpVersionFinder findNearestMatch
INFO: Unable to find CDP implementation matching 106.
Oct 16, 2022 1:37:38 PM org.openqa.selenium.devtools.CdpVersionFinder findNearestMatch
INFO: Unable to find CDP implementation matching 106.
Oct 16, 2022 1:37:38 PM org.openqa.selenium.chromium.ChromiumDriver lambda$new$3
WARNING: Unable to find version of CDP to use for . You may need to include a dependency on a specific version of the CDP using something similar to `org.seleniumhq.selenium:selenium-devtools-v86:4.0.0` where the version ("v86") matches the version of the chromium-based browser you're using and the version number of the artifact is the same as Selenium's.
Oct 16, 2022 1:37:38 PM org.openqa.selenium.chromium.ChromiumDriver lambda$new$3
WARNING: Unable to find version of CDP to use for . You may need to include a dependency on a specific version of the CDP using something similar to `org.seleniumhq.selenium:selenium-devtools-v86:4.0.0` where the version ("v86") matches the version of the chromium-based browser you're using and the version number of the artifact is the same as Selenium's.
]]></system-err>
  </testcase>
  <testcase name="verifyUserIsAbleToLogin" classname="tests.LoginTest" time="2.327"/>
</testsuite>