<?xml version="1.0" encoding="UTF-8"?>
<!-- Generated by org.testng.reporters.JUnitXMLReporter -->
<testsuite hostname="Antons-MacBook-Pro.local" ignored="0" name="Regression" tests="2" failures="1" timestamp="2022-10-16T13:37:45 EEST" time="13.735" errors="0">
  <testcase name="verifyThatErrorMessageIsShownIfEnterWrongLoginData" time="1.228" classname="tests.NegativeTest">
    <failure type="java.lang.AssertionError" message="Error should be shown. expected [true] but found [false]">
      <![CDATA[java.lang.AssertionError: Error should be shown. expected [true] but found [false]
at tests.NegativeTest.verifyThatErrorMessageIsShownIfEnterWrongLoginData(NegativeTest.java:40)
at java.util.concurrent.ThreadPoolExecutor.runWorker(ThreadPoolExecutor.java:1149)
at java.util.concurrent.ThreadPoolExecutor$Worker.run(ThreadPoolExecutor.java:624)
at java.lang.Thread.run(Thread.java:748)
... Removed 15 stack frames]]>
    </failure>
  </testcase> <!-- verifyThatErrorMessageIsShownIfEnterWrongLoginData -->
  <testcase name="verifyUserIsAbleToLogin" time="2.318" classname="tests.LoginTest"/>
</testsuite> <!-- Regression -->
